{"/home/tiago/Projects/new-test-backend-nodejs/adapters/http/controllers/CategoryController.js": {"path":"/home/tiago/Projects/new-test-backend-nodejs/adapters/http/controllers/CategoryController.js","all":false,"statementMap":{"0":{"start":{"line":1,"column":0},"end":{"line":1,"column":26}},"1":{"start":{"line":2,"column":0},"end":{"line":2,"column":90}},"2":{"start":{"line":3,"column":0},"end":{"line":3,"column":58}},"3":{"start":{"line":4,"column":0},"end":{"line":4,"column":58}},"4":{"start":{"line":5,"column":0},"end":{"line":5,"column":58}},"5":{"start":{"line":6,"column":0},"end":{"line":6,"column":5}},"6":{"start":{"line":7,"column":0},"end":{"line":7,"column":0}},"7":{"start":{"line":8,"column":0},"end":{"line":8,"column":42}},"8":{"start":{"line":9,"column":0},"end":{"line":9,"column":0}},"9":{"start":{"line":10,"column":0},"end":{"line":10,"column":128}},"10":{"start":{"line":11,"column":0},"end":{"line":11,"column":35}},"11":{"start":{"line":12,"column":0},"end":{"line":12,"column":51}},"12":{"start":{"line":13,"column":0},"end":{"line":13,"column":46}},"13":{"start":{"line":14,"column":0},"end":{"line":14,"column":18}},"14":{"start":{"line":15,"column":0},"end":{"line":15,"column":13}},"15":{"start":{"line":16,"column":0},"end":{"line":16,"column":82}},"16":{"start":{"line":17,"column":0},"end":{"line":17,"column":11}},"17":{"start":{"line":18,"column":0},"end":{"line":18,"column":5}},"18":{"start":{"line":19,"column":0},"end":{"line":19,"column":0}},"19":{"start":{"line":20,"column":0},"end":{"line":20,"column":42}},"20":{"start":{"line":21,"column":0},"end":{"line":21,"column":40}},"21":{"start":{"line":22,"column":0},"end":{"line":22,"column":0}},"22":{"start":{"line":23,"column":0},"end":{"line":23,"column":147}},"23":{"start":{"line":24,"column":0},"end":{"line":24,"column":35}},"24":{"start":{"line":25,"column":0},"end":{"line":25,"column":51}},"25":{"start":{"line":26,"column":0},"end":{"line":26,"column":46}},"26":{"start":{"line":27,"column":0},"end":{"line":27,"column":18}},"27":{"start":{"line":28,"column":0},"end":{"line":28,"column":13}},"28":{"start":{"line":29,"column":0},"end":{"line":29,"column":82}},"29":{"start":{"line":30,"column":0},"end":{"line":30,"column":10}},"30":{"start":{"line":31,"column":0},"end":{"line":31,"column":5}},"31":{"start":{"line":32,"column":0},"end":{"line":32,"column":0}},"32":{"start":{"line":33,"column":0},"end":{"line":33,"column":42}},"33":{"start":{"line":34,"column":0},"end":{"line":34,"column":40}},"34":{"start":{"line":35,"column":0},"end":{"line":35,"column":0}},"35":{"start":{"line":36,"column":0},"end":{"line":36,"column":128}},"36":{"start":{"line":37,"column":0},"end":{"line":37,"column":35}},"37":{"start":{"line":38,"column":0},"end":{"line":38,"column":51}},"38":{"start":{"line":39,"column":0},"end":{"line":39,"column":46}},"39":{"start":{"line":40,"column":0},"end":{"line":40,"column":18}},"40":{"start":{"line":41,"column":0},"end":{"line":41,"column":13}},"41":{"start":{"line":42,"column":0},"end":{"line":42,"column":82}},"42":{"start":{"line":43,"column":0},"end":{"line":43,"column":10}},"43":{"start":{"line":44,"column":0},"end":{"line":44,"column":5}},"44":{"start":{"line":45,"column":0},"end":{"line":45,"column":1}},"45":{"start":{"line":46,"column":0},"end":{"line":46,"column":0}},"46":{"start":{"line":47,"column":0},"end":{"line":47,"column":35}}},"s":{"0":10,"1":10,"2":10,"3":10,"4":10,"5":10,"6":10,"7":10,"8":3,"9":3,"10":1,"11":0,"12":0,"13":0,"14":0,"15":1,"16":3,"17":3,"18":10,"19":10,"20":3,"21":3,"22":3,"23":2,"24":1,"25":1,"26":1,"27":1,"28":1,"29":3,"30":3,"31":10,"32":10,"33":4,"34":4,"35":4,"36":2,"37":1,"38":1,"39":1,"40":1,"41":1,"42":4,"43":4,"44":10,"45":1,"46":1},"branchMap":{"0":{"type":"branch","line":1,"loc":{"start":{"line":1,"column":0},"end":{"line":45,"column":1}},"locations":[{"start":{"line":1,"column":0},"end":{"line":45,"column":1}}]},"1":{"type":"branch","line":2,"loc":{"start":{"line":2,"column":4},"end":{"line":6,"column":5}},"locations":[{"start":{"line":2,"column":4},"end":{"line":6,"column":5}}]},"2":{"type":"branch","line":8,"loc":{"start":{"line":8,"column":21},"end":{"line":18,"column":5}},"locations":[{"start":{"line":8,"column":21},"end":{"line":18,"column":5}}]},"3":{"type":"branch","line":10,"loc":{"start":{"line":10,"column":65},"end":{"line":10,"column":108}},"locations":[{"start":{"line":10,"column":65},"end":{"line":10,"column":108}}]},"4":{"type":"branch","line":10,"loc":{"start":{"line":10,"column":117},"end":{"line":17,"column":9}},"locations":[{"start":{"line":10,"column":117},"end":{"line":17,"column":9}}]},"5":{"type":"branch","line":11,"loc":{"start":{"line":11,"column":34},"end":{"line":15,"column":13}},"locations":[{"start":{"line":11,"column":34},"end":{"line":15,"column":13}}]},"6":{"type":"branch","line":20,"loc":{"start":{"line":20,"column":21},"end":{"line":31,"column":5}},"locations":[{"start":{"line":20,"column":21},"end":{"line":31,"column":5}}]},"7":{"type":"branch","line":23,"loc":{"start":{"line":23,"column":84},"end":{"line":23,"column":127}},"locations":[{"start":{"line":23,"column":84},"end":{"line":23,"column":127}}]},"8":{"type":"branch","line":23,"loc":{"start":{"line":23,"column":136},"end":{"line":30,"column":9}},"locations":[{"start":{"line":23,"column":136},"end":{"line":30,"column":9}}]},"9":{"type":"branch","line":24,"loc":{"start":{"line":24,"column":34},"end":{"line":29,"column":82}},"locations":[{"start":{"line":24,"column":34},"end":{"line":29,"column":82}}]},"10":{"type":"branch","line":33,"loc":{"start":{"line":33,"column":21},"end":{"line":44,"column":5}},"locations":[{"start":{"line":33,"column":21},"end":{"line":44,"column":5}}]},"11":{"type":"branch","line":36,"loc":{"start":{"line":36,"column":67},"end":{"line":36,"column":108}},"locations":[{"start":{"line":36,"column":67},"end":{"line":36,"column":108}}]},"12":{"type":"branch","line":36,"loc":{"start":{"line":36,"column":117},"end":{"line":43,"column":9}},"locations":[{"start":{"line":36,"column":117},"end":{"line":43,"column":9}}]},"13":{"type":"branch","line":37,"loc":{"start":{"line":37,"column":34},"end":{"line":42,"column":82}},"locations":[{"start":{"line":37,"column":34},"end":{"line":42,"column":82}}]}},"b":{"0":[10],"1":[10],"2":[3],"3":[2],"4":[1],"5":[0],"6":[3],"7":[1],"8":[2],"9":[1],"10":[4],"11":[2],"12":[2],"13":[1]},"fnMap":{"0":{"name":"<instance_members_initializer>","decl":{"start":{"line":1,"column":0},"end":{"line":45,"column":1}},"loc":{"start":{"line":1,"column":0},"end":{"line":45,"column":1}},"line":1},"1":{"name":"CategoryController","decl":{"start":{"line":2,"column":4},"end":{"line":6,"column":5}},"loc":{"start":{"line":2,"column":4},"end":{"line":6,"column":5}},"line":2},"2":{"name":"createCategory","decl":{"start":{"line":8,"column":21},"end":{"line":18,"column":5}},"loc":{"start":{"line":8,"column":21},"end":{"line":18,"column":5}},"line":8},"3":{"name":"updateCategory","decl":{"start":{"line":20,"column":21},"end":{"line":31,"column":5}},"loc":{"start":{"line":20,"column":21},"end":{"line":31,"column":5}},"line":20},"4":{"name":"deleteCategory","decl":{"start":{"line":33,"column":21},"end":{"line":44,"column":5}},"loc":{"start":{"line":33,"column":21},"end":{"line":44,"column":5}},"line":33}},"f":{"0":10,"1":10,"2":3,"3":3,"4":4}}
,"/home/tiago/Projects/new-test-backend-nodejs/adapters/http/controllers/ProductController.js": {"path":"/home/tiago/Projects/new-test-backend-nodejs/adapters/http/controllers/ProductController.js","all":false,"statementMap":{"0":{"start":{"line":1,"column":0},"end":{"line":1,"column":25}},"1":{"start":{"line":2,"column":0},"end":{"line":2,"column":87}},"2":{"start":{"line":3,"column":0},"end":{"line":3,"column":56}},"3":{"start":{"line":4,"column":0},"end":{"line":4,"column":56}},"4":{"start":{"line":5,"column":0},"end":{"line":5,"column":56}},"5":{"start":{"line":6,"column":0},"end":{"line":6,"column":5}},"6":{"start":{"line":7,"column":0},"end":{"line":7,"column":0}},"7":{"start":{"line":8,"column":0},"end":{"line":8,"column":41}},"8":{"start":{"line":9,"column":0},"end":{"line":9,"column":125}},"9":{"start":{"line":10,"column":0},"end":{"line":10,"column":35}},"10":{"start":{"line":11,"column":0},"end":{"line":11,"column":51}},"11":{"start":{"line":12,"column":0},"end":{"line":12,"column":46}},"12":{"start":{"line":13,"column":0},"end":{"line":13,"column":18}},"13":{"start":{"line":14,"column":0},"end":{"line":14,"column":13}},"14":{"start":{"line":15,"column":0},"end":{"line":15,"column":82}},"15":{"start":{"line":16,"column":0},"end":{"line":16,"column":10}},"16":{"start":{"line":17,"column":0},"end":{"line":17,"column":5}},"17":{"start":{"line":18,"column":0},"end":{"line":18,"column":0}},"18":{"start":{"line":19,"column":0},"end":{"line":19,"column":41}},"19":{"start":{"line":20,"column":0},"end":{"line":20,"column":39}},"20":{"start":{"line":21,"column":0},"end":{"line":21,"column":0}},"21":{"start":{"line":22,"column":0},"end":{"line":22,"column":143}},"22":{"start":{"line":23,"column":0},"end":{"line":23,"column":35}},"23":{"start":{"line":24,"column":0},"end":{"line":24,"column":51}},"24":{"start":{"line":25,"column":0},"end":{"line":25,"column":46}},"25":{"start":{"line":26,"column":0},"end":{"line":26,"column":18}},"26":{"start":{"line":27,"column":0},"end":{"line":27,"column":13}},"27":{"start":{"line":28,"column":0},"end":{"line":28,"column":82}},"28":{"start":{"line":29,"column":0},"end":{"line":29,"column":10}},"29":{"start":{"line":30,"column":0},"end":{"line":30,"column":5}},"30":{"start":{"line":31,"column":0},"end":{"line":31,"column":0}},"31":{"start":{"line":32,"column":0},"end":{"line":32,"column":41}},"32":{"start":{"line":33,"column":0},"end":{"line":33,"column":39}},"33":{"start":{"line":34,"column":0},"end":{"line":34,"column":0}},"34":{"start":{"line":35,"column":0},"end":{"line":35,"column":126}},"35":{"start":{"line":36,"column":0},"end":{"line":36,"column":35}},"36":{"start":{"line":37,"column":0},"end":{"line":37,"column":51}},"37":{"start":{"line":38,"column":0},"end":{"line":38,"column":46}},"38":{"start":{"line":39,"column":0},"end":{"line":39,"column":18}},"39":{"start":{"line":40,"column":0},"end":{"line":40,"column":13}},"40":{"start":{"line":41,"column":0},"end":{"line":41,"column":82}},"41":{"start":{"line":42,"column":0},"end":{"line":42,"column":10}},"42":{"start":{"line":43,"column":0},"end":{"line":43,"column":5}},"43":{"start":{"line":44,"column":0},"end":{"line":44,"column":1}},"44":{"start":{"line":45,"column":0},"end":{"line":45,"column":0}},"45":{"start":{"line":46,"column":0},"end":{"line":46,"column":34}}},"s":{"0":12,"1":12,"2":12,"3":12,"4":12,"5":12,"6":12,"7":12,"8":4,"9":2,"10":1,"11":1,"12":1,"13":1,"14":1,"15":4,"16":4,"17":12,"18":12,"19":4,"20":4,"21":4,"22":2,"23":1,"24":1,"25":1,"26":1,"27":1,"28":4,"29":4,"30":12,"31":12,"32":4,"33":4,"34":4,"35":2,"36":1,"37":1,"38":1,"39":1,"40":1,"41":4,"42":4,"43":12,"44":1,"45":1},"branchMap":{"0":{"type":"branch","line":1,"loc":{"start":{"line":1,"column":0},"end":{"line":44,"column":1}},"locations":[{"start":{"line":1,"column":0},"end":{"line":44,"column":1}}]},"1":{"type":"branch","line":2,"loc":{"start":{"line":2,"column":4},"end":{"line":6,"column":5}},"locations":[{"start":{"line":2,"column":4},"end":{"line":6,"column":5}}]},"2":{"type":"branch","line":8,"loc":{"start":{"line":8,"column":20},"end":{"line":17,"column":5}},"locations":[{"start":{"line":8,"column":20},"end":{"line":17,"column":5}}]},"3":{"type":"branch","line":9,"loc":{"start":{"line":9,"column":64},"end":{"line":9,"column":105}},"locations":[{"start":{"line":9,"column":64},"end":{"line":9,"column":105}}]},"4":{"type":"branch","line":9,"loc":{"start":{"line":9,"column":114},"end":{"line":16,"column":9}},"locations":[{"start":{"line":9,"column":114},"end":{"line":16,"column":9}}]},"5":{"type":"branch","line":10,"loc":{"start":{"line":10,"column":34},"end":{"line":15,"column":82}},"locations":[{"start":{"line":10,"column":34},"end":{"line":15,"column":82}}]},"6":{"type":"branch","line":19,"loc":{"start":{"line":19,"column":20},"end":{"line":30,"column":5}},"locations":[{"start":{"line":19,"column":20},"end":{"line":30,"column":5}}]},"7":{"type":"branch","line":22,"loc":{"start":{"line":22,"column":82},"end":{"line":22,"column":123}},"locations":[{"start":{"line":22,"column":82},"end":{"line":22,"column":123}}]},"8":{"type":"branch","line":22,"loc":{"start":{"line":22,"column":132},"end":{"line":29,"column":9}},"locations":[{"start":{"line":22,"column":132},"end":{"line":29,"column":9}}]},"9":{"type":"branch","line":23,"loc":{"start":{"line":23,"column":34},"end":{"line":28,"column":82}},"locations":[{"start":{"line":23,"column":34},"end":{"line":28,"column":82}}]},"10":{"type":"branch","line":32,"loc":{"start":{"line":32,"column":20},"end":{"line":43,"column":5}},"locations":[{"start":{"line":32,"column":20},"end":{"line":43,"column":5}}]},"11":{"type":"branch","line":35,"loc":{"start":{"line":35,"column":65},"end":{"line":35,"column":106}},"locations":[{"start":{"line":35,"column":65},"end":{"line":35,"column":106}}]},"12":{"type":"branch","line":35,"loc":{"start":{"line":35,"column":115},"end":{"line":42,"column":9}},"locations":[{"start":{"line":35,"column":115},"end":{"line":42,"column":9}}]},"13":{"type":"branch","line":36,"loc":{"start":{"line":36,"column":34},"end":{"line":41,"column":82}},"locations":[{"start":{"line":36,"column":34},"end":{"line":41,"column":82}}]}},"b":{"0":[12],"1":[12],"2":[4],"3":[2],"4":[2],"5":[1],"6":[4],"7":[2],"8":[2],"9":[1],"10":[4],"11":[2],"12":[2],"13":[1]},"fnMap":{"0":{"name":"<instance_members_initializer>","decl":{"start":{"line":1,"column":0},"end":{"line":44,"column":1}},"loc":{"start":{"line":1,"column":0},"end":{"line":44,"column":1}},"line":1},"1":{"name":"ProductController","decl":{"start":{"line":2,"column":4},"end":{"line":6,"column":5}},"loc":{"start":{"line":2,"column":4},"end":{"line":6,"column":5}},"line":2},"2":{"name":"createProduct","decl":{"start":{"line":8,"column":20},"end":{"line":17,"column":5}},"loc":{"start":{"line":8,"column":20},"end":{"line":17,"column":5}},"line":8},"3":{"name":"updateProduct","decl":{"start":{"line":19,"column":20},"end":{"line":30,"column":5}},"loc":{"start":{"line":19,"column":20},"end":{"line":30,"column":5}},"line":19},"4":{"name":"deleteProduct","decl":{"start":{"line":32,"column":20},"end":{"line":43,"column":5}},"loc":{"start":{"line":32,"column":20},"end":{"line":43,"column":5}},"line":32}},"f":{"0":12,"1":12,"2":4,"3":4,"4":4}}
,"/home/tiago/Projects/new-test-backend-nodejs/infrastructure/webserver/errors.js": {"path":"/home/tiago/Projects/new-test-backend-nodejs/infrastructure/webserver/errors.js","all":false,"statementMap":{"0":{"start":{"line":1,"column":0},"end":{"line":1,"column":37}},"1":{"start":{"line":2,"column":0},"end":{"line":2,"column":20}},"2":{"start":{"line":3,"column":0},"end":{"line":3,"column":33}},"3":{"start":{"line":4,"column":0},"end":{"line":4,"column":27}},"4":{"start":{"line":5,"column":0},"end":{"line":5,"column":25}},"5":{"start":{"line":6,"column":0},"end":{"line":6,"column":34}},"6":{"start":{"line":7,"column":0},"end":{"line":7,"column":29}},"7":{"start":{"line":8,"column":0},"end":{"line":8,"column":1}},"8":{"start":{"line":9,"column":0},"end":{"line":9,"column":56}},"9":{"start":{"line":10,"column":0},"end":{"line":10,"column":51}},"10":{"start":{"line":11,"column":0},"end":{"line":11,"column":0}},"11":{"start":{"line":12,"column":0},"end":{"line":12,"column":39}},"12":{"start":{"line":13,"column":0},"end":{"line":13,"column":20}},"13":{"start":{"line":14,"column":0},"end":{"line":14,"column":33}},"14":{"start":{"line":15,"column":0},"end":{"line":15,"column":35}},"15":{"start":{"line":16,"column":0},"end":{"line":16,"column":25}},"16":{"start":{"line":17,"column":0},"end":{"line":17,"column":34}},"17":{"start":{"line":18,"column":0},"end":{"line":18,"column":29}},"18":{"start":{"line":19,"column":0},"end":{"line":19,"column":1}},"19":{"start":{"line":20,"column":0},"end":{"line":20,"column":58}},"20":{"start":{"line":21,"column":0},"end":{"line":21,"column":55}},"21":{"start":{"line":22,"column":0},"end":{"line":22,"column":0}},"22":{"start":{"line":23,"column":0},"end":{"line":23,"column":42}},"23":{"start":{"line":24,"column":0},"end":{"line":24,"column":20}},"24":{"start":{"line":25,"column":0},"end":{"line":25,"column":33}},"25":{"start":{"line":26,"column":0},"end":{"line":26,"column":32}},"26":{"start":{"line":27,"column":0},"end":{"line":27,"column":25}},"27":{"start":{"line":28,"column":0},"end":{"line":28,"column":34}},"28":{"start":{"line":29,"column":0},"end":{"line":29,"column":29}},"29":{"start":{"line":30,"column":0},"end":{"line":30,"column":1}},"30":{"start":{"line":31,"column":0},"end":{"line":31,"column":61}},"31":{"start":{"line":32,"column":0},"end":{"line":32,"column":61}},"32":{"start":{"line":33,"column":0},"end":{"line":33,"column":0}},"33":{"start":{"line":34,"column":0},"end":{"line":34,"column":42}},"34":{"start":{"line":35,"column":0},"end":{"line":35,"column":20}},"35":{"start":{"line":36,"column":0},"end":{"line":36,"column":33}},"36":{"start":{"line":37,"column":0},"end":{"line":37,"column":33}},"37":{"start":{"line":38,"column":0},"end":{"line":38,"column":25}},"38":{"start":{"line":39,"column":0},"end":{"line":39,"column":34}},"39":{"start":{"line":40,"column":0},"end":{"line":40,"column":29}},"40":{"start":{"line":41,"column":0},"end":{"line":41,"column":1}},"41":{"start":{"line":42,"column":0},"end":{"line":42,"column":61}},"42":{"start":{"line":43,"column":0},"end":{"line":43,"column":61}},"43":{"start":{"line":44,"column":0},"end":{"line":44,"column":0}},"44":{"start":{"line":45,"column":0},"end":{"line":45,"column":41}},"45":{"start":{"line":46,"column":0},"end":{"line":46,"column":20}},"46":{"start":{"line":47,"column":0},"end":{"line":47,"column":33}},"47":{"start":{"line":48,"column":0},"end":{"line":48,"column":37}},"48":{"start":{"line":49,"column":0},"end":{"line":49,"column":25}},"49":{"start":{"line":50,"column":0},"end":{"line":50,"column":34}},"50":{"start":{"line":51,"column":0},"end":{"line":51,"column":29}},"51":{"start":{"line":52,"column":0},"end":{"line":52,"column":1}},"52":{"start":{"line":53,"column":0},"end":{"line":53,"column":60}},"53":{"start":{"line":54,"column":0},"end":{"line":54,"column":59}},"54":{"start":{"line":55,"column":0},"end":{"line":55,"column":0}},"55":{"start":{"line":56,"column":0},"end":{"line":56,"column":18}},"56":{"start":{"line":57,"column":0},"end":{"line":57,"column":18}},"57":{"start":{"line":58,"column":0},"end":{"line":58,"column":23}},"58":{"start":{"line":59,"column":0},"end":{"line":59,"column":23}},"59":{"start":{"line":60,"column":0},"end":{"line":60,"column":22}},"60":{"start":{"line":61,"column":0},"end":{"line":61,"column":19}},"61":{"start":{"line":62,"column":0},"end":{"line":62,"column":1}}},"s":{"0":5,"1":5,"2":5,"3":5,"4":5,"5":5,"6":5,"7":5,"8":1,"9":1,"10":1,"11":0,"12":0,"13":0,"14":0,"15":0,"16":0,"17":0,"18":0,"19":1,"20":1,"21":1,"22":0,"23":0,"24":0,"25":0,"26":0,"27":0,"28":0,"29":0,"30":1,"31":1,"32":1,"33":0,"34":0,"35":0,"36":0,"37":0,"38":0,"39":0,"40":0,"41":1,"42":1,"43":1,"44":0,"45":0,"46":0,"47":0,"48":0,"49":0,"50":0,"51":0,"52":1,"53":1,"54":1,"55":1,"56":1,"57":1,"58":1,"59":1,"60":1,"61":1},"branchMap":{"0":{"type":"branch","line":1,"loc":{"start":{"line":1,"column":0},"end":{"line":8,"column":1}},"locations":[{"start":{"line":1,"column":0},"end":{"line":8,"column":1}}]}},"b":{"0":[5]},"fnMap":{"0":{"name":"NotFoundError","decl":{"start":{"line":1,"column":0},"end":{"line":8,"column":1}},"loc":{"start":{"line":1,"column":0},"end":{"line":8,"column":1}},"line":1},"1":{"name":"BadRequestError","decl":{"start":{"line":12,"column":0},"end":{"line":19,"column":1}},"loc":{"start":{"line":12,"column":0},"end":{"line":19,"column":1}},"line":12},"2":{"name":"AlreadyExistsError","decl":{"start":{"line":23,"column":0},"end":{"line":30,"column":1}},"loc":{"start":{"line":23,"column":0},"end":{"line":30,"column":1}},"line":23},"3":{"name":"CannotBeEmptyError","decl":{"start":{"line":34,"column":0},"end":{"line":41,"column":1}},"loc":{"start":{"line":34,"column":0},"end":{"line":41,"column":1}},"line":34},"4":{"name":"GenericMongoError","decl":{"start":{"line":45,"column":0},"end":{"line":52,"column":1}},"loc":{"start":{"line":45,"column":0},"end":{"line":52,"column":1}},"line":45}},"f":{"0":5,"1":0,"2":0,"3":0,"4":0}}
}
