TN:
SF:adapters/http/controllers/CategoryController.js
FN:1,<instance_members_initializer>
FN:2,CategoryController
FN:8,createCategory
FN:20,updateCategory
FN:33,deleteCategory
FNF:5
FNH:5
FNDA:10,<instance_members_initializer>
FNDA:10,CategoryController
FNDA:3,createCategory
FNDA:3,updateCategory
FNDA:4,deleteCategory
DA:1,10
DA:2,10
DA:3,10
DA:4,10
DA:5,10
DA:6,10
DA:7,10
DA:8,10
DA:9,3
DA:10,3
DA:11,1
DA:12,0
DA:13,0
DA:14,0
DA:15,0
DA:16,1
DA:17,3
DA:18,3
DA:19,10
DA:20,10
DA:21,3
DA:22,3
DA:23,3
DA:24,2
DA:25,1
DA:26,1
DA:27,1
DA:28,1
DA:29,1
DA:30,3
DA:31,3
DA:32,10
DA:33,10
DA:34,4
DA:35,4
DA:36,4
DA:37,2
DA:38,1
DA:39,1
DA:40,1
DA:41,1
DA:42,1
DA:43,4
DA:44,4
DA:45,10
DA:46,1
DA:47,1
LF:47
LH:43
BRDA:1,0,0,10
BRDA:2,1,0,10
BRDA:8,2,0,3
BRDA:10,3,0,2
BRDA:10,4,0,1
BRDA:11,5,0,0
BRDA:20,6,0,3
BRDA:23,7,0,1
BRDA:23,8,0,2
BRDA:24,9,0,1
BRDA:33,10,0,4
BRDA:36,11,0,2
BRDA:36,12,0,2
BRDA:37,13,0,1
BRF:14
BRH:13
end_of_record
TN:
SF:adapters/http/controllers/ProductController.js
FN:1,<instance_members_initializer>
FN:2,ProductController
FN:8,createProduct
FN:19,updateProduct
FN:32,deleteProduct
FNF:5
FNH:5
FNDA:12,<instance_members_initializer>
FNDA:12,ProductController
FNDA:4,createProduct
FNDA:4,updateProduct
FNDA:4,deleteProduct
DA:1,12
DA:2,12
DA:3,12
DA:4,12
DA:5,12
DA:6,12
DA:7,12
DA:8,12
DA:9,4
DA:10,2
DA:11,1
DA:12,1
DA:13,1
DA:14,1
DA:15,1
DA:16,4
DA:17,4
DA:18,12
DA:19,12
DA:20,4
DA:21,4
DA:22,4
DA:23,2
DA:24,1
DA:25,1
DA:26,1
DA:27,1
DA:28,1
DA:29,4
DA:30,4
DA:31,12
DA:32,12
DA:33,4
DA:34,4
DA:35,4
DA:36,2
DA:37,1
DA:38,1
DA:39,1
DA:40,1
DA:41,1
DA:42,4
DA:43,4
DA:44,12
DA:45,1
DA:46,1
LF:46
LH:46
BRDA:1,0,0,12
BRDA:2,1,0,12
BRDA:8,2,0,4
BRDA:9,3,0,2
BRDA:9,4,0,2
BRDA:10,5,0,1
BRDA:19,6,0,4
BRDA:22,7,0,2
BRDA:22,8,0,2
BRDA:23,9,0,1
BRDA:32,10,0,4
BRDA:35,11,0,2
BRDA:35,12,0,2
BRDA:36,13,0,1
BRF:14
BRH:14
end_of_record
TN:
SF:application/use_cases/CreateCategoryUseCase.js
FN:5,CreateCategoryUseCase
FN:10,execute
FNF:2
FNH:2
FNDA:4,CreateCategoryUseCase
FNDA:4,execute
DA:1,1
DA:2,1
DA:3,1
DA:4,1
DA:5,1
DA:6,4
DA:7,4
DA:8,4
DA:9,1
DA:10,1
DA:11,4
DA:12,4
DA:13,0
DA:14,0
DA:15,4
DA:16,4
DA:17,4
DA:18,4
DA:19,0
DA:20,0
DA:21,4
DA:22,3
DA:23,4
DA:24,2
DA:25,2
DA:26,4
DA:27,2
DA:28,1
DA:29,1
DA:30,1
LF:30
LH:26
BRDA:5,0,0,4
BRDA:10,1,0,4
BRDA:12,2,0,0
BRDA:27,3,0,2
BRDA:17,4,0,4
BRDA:18,5,0,0
BRDA:24,6,0,2
BRDA:21,7,0,3
BRDA:23,8,0,2
BRF:9
BRH:7
end_of_record
TN:
SF:application/use_cases/DeleteCategoryUseCase.js
FN:5,DeleteCategoryUseCase
FN:11,execute
FNF:2
FNH:2
FNDA:4,DeleteCategoryUseCase
FNDA:4,execute
DA:1,1
DA:2,1
DA:3,1
DA:4,1
DA:5,1
DA:6,4
DA:7,4
DA:8,4
DA:9,4
DA:10,1
DA:11,1
DA:12,4
DA:13,4
DA:14,4
DA:15,4
DA:16,4
DA:17,4
DA:18,4
DA:19,4
DA:20,4
DA:21,4
DA:22,3
DA:23,4
DA:24,2
DA:25,2
DA:26,2
DA:27,0
DA:28,0
DA:29,4
DA:30,4
DA:31,2
DA:32,2
DA:33,4
DA:34,1
DA:35,1
DA:36,1
LF:36
LH:34
BRDA:5,0,0,4
BRDA:11,1,0,4
BRDA:24,2,0,2
BRDA:27,3,0,0
BRDA:30,4,0,2
BRDA:17,5,0,4
BRDA:21,6,0,3
BRDA:23,7,0,2
BRF:8
BRH:7
end_of_record
TN:
SF:application/use_cases/UpdateCategoryUseCase.js
FN:5,UpdateCategoryUseCase
FN:10,execute
FNF:2
FNH:2
FNDA:4,UpdateCategoryUseCase
FNDA:4,execute
DA:1,1
DA:2,1
DA:3,1
DA:4,1
DA:5,1
DA:6,4
DA:7,4
DA:8,4
DA:9,1
DA:10,1
DA:11,4
DA:12,4
DA:13,0
DA:14,0
DA:15,4
DA:16,4
DA:17,4
DA:18,4
DA:19,4
DA:20,4
DA:21,4
DA:22,3
DA:23,4
DA:24,2
DA:25,2
DA:26,2
DA:27,0
DA:28,4
DA:29,4
DA:30,4
DA:31,4
DA:32,1
DA:33,1
DA:34,1
LF:34
LH:31
BRDA:5,0,0,4
BRDA:10,1,0,4
BRDA:12,2,0,0
BRDA:24,3,0,2
BRDA:27,4,0,0
BRDA:21,5,0,3
BRDA:23,6,0,2
BRF:7
BRH:5
end_of_record
TN:
SF:application/validation/categoryJoiSchema.js
FNF:0
FNH:0
DA:1,1
DA:2,1
DA:3,1
DA:4,1
DA:5,1
DA:6,1
DA:7,1
DA:8,1
DA:9,1
LF:9
LH:9
BRF:0
BRH:0
end_of_record
TN:
SF:application/validation/productJoiSchema.js
FNF:0
FNH:0
DA:1,1
DA:2,1
DA:3,1
DA:4,1
DA:5,1
DA:6,1
DA:7,1
DA:8,1
DA:9,1
DA:10,1
DA:11,1
LF:11
LH:11
BRF:0
BRH:0
end_of_record
TN:
SF:infrastructure/webserver/errors.js
FN:1,NotFoundError
FN:12,BadRequestError
FN:23,AlreadyExistsError
FN:34,CannotBeEmptyError
FN:45,GenericMongoError
FNF:5
FNH:2
FNDA:5,NotFoundError
FNDA:0,BadRequestError
FNDA:0,AlreadyExistsError
FNDA:0,CannotBeEmptyError
FNDA:2,GenericMongoError
DA:1,5
DA:2,5
DA:3,5
DA:4,5
DA:5,5
DA:6,5
DA:7,5
DA:8,5
DA:9,1
DA:10,1
DA:11,1
DA:12,0
DA:13,0
DA:14,0
DA:15,0
DA:16,0
DA:17,0
DA:18,0
DA:19,0
DA:20,1
DA:21,1
DA:22,1
DA:23,0
DA:24,0
DA:25,0
DA:26,0
DA:27,0
DA:28,0
DA:29,0
DA:30,0
DA:31,1
DA:32,1
DA:33,1
DA:34,0
DA:35,0
DA:36,0
DA:37,0
DA:38,0
DA:39,0
DA:40,0
DA:41,0
DA:42,1
DA:43,1
DA:44,1
DA:45,2
DA:46,2
DA:47,2
DA:48,2
DA:49,2
DA:50,2
DA:51,2
DA:52,2
DA:53,1
DA:54,1
DA:55,1
DA:56,1
DA:57,1
DA:58,1
DA:59,1
DA:60,1
DA:61,1
DA:62,1
LF:62
LH:38
BRDA:1,0,0,5
BRDA:45,1,0,2
BRF:2
BRH:2
end_of_record
